<?xml version="1.0" encoding="UTF-8"?>
<!-- Generated by org.testng.reporters.JUnitReportReporter -->
<testsuite hostname="Keerthana" failures="0" tests="1" name="dataDrivenTesting.FirstTest" time="0.016" errors="0" timestamp="2023-05-21T11:32:48 IST" skipped="0">
  <testcase classname="dataDrivenTesting.FirstTest" name="name" time="0.016"/>
  <system-out/>
</testsuite> <!-- dataDrivenTesting.FirstTest -->
