<?xml version="1.0" encoding="UTF-8"?>
<!-- Generated by org.testng.reporters.JUnitReportReporter -->
<testsuite hostname="Keerthana" failures="0" tests="2" name="DWSDriver.DWSDriver1" time="12.809" errors="0" timestamp="2023-06-12T16:05:01 IST" skipped="1">
  <testcase classname="DWSDriver.DWSDriver1" name="login" time="12.809"/>
  <system-out/>
  <testcase classname="DWSDriver.DWSDriver1" name="test1">
    <skipped/>
  </testcase> <!-- test1 -->
  <system-out/>
</testsuite> <!-- DWSDriver.DWSDriver1 -->
